<?xml version="1.0" encoding="UTF-8"?>
<testng-results ignored="0" total="2" passed="2" failed="0" skipped="0">
  <reporter-output>
  </reporter-output>
  <suite started-at="2025-03-12T12:46:36 IST" name="Suite" finished-at="2025-03-12T12:46:50 IST" duration-ms="13873">
    <groups>
      <group name="cucumber">
        <method signature="AbstractTestNGCucumberTests.runScenario(io.cucumber.testng.PickleWrapper,io.cucumber.testng.FeatureWrapper)[pri:0, instance:runner.runnerPrg@6f53b8a]" name="runScenario" class="io.cucumber.testng.AbstractTestNGCucumberTests"/>
      </group> <!-- cucumber -->
    </groups>
    <test started-at="2025-03-12T12:46:36 IST" name="Test" finished-at="2025-03-12T12:46:50 IST" duration-ms="13873">
      <class name="runner.runnerPrg">
        <test-method is-config="true" signature="setUpClass(org.testng.ITestContext)[pri:0, instance:runner.runnerPrg@6f53b8a]" started-at="2025-03-12T12:46:37 IST" name="setUpClass" finished-at="2025-03-12T12:46:38 IST" duration-ms="1222" status="PASS">
          <params>
            <param index="0">
              <value>
                <![CDATA[org.testng.TestRunner@33d7765a]]>
              </value>
            </param>
          </params>
          <reporter-output>
          </reporter-output>
        </test-method> <!-- setUpClass -->
        <test-method signature="runScenario(io.cucumber.testng.PickleWrapper,io.cucumber.testng.FeatureWrapper)[pri:0, instance:runner.runnerPrg@6f53b8a]" started-at="2025-03-12T12:46:38 IST" name="runScenario" description="Runs Cucumber Scenarios" data-provider="scenarios" finished-at="2025-03-12T12:46:47 IST" duration-ms="9618" status="PASS">
          <params>
            <param index="0">
              <value>
                <![CDATA["Finding New Cars"]]>
              </value>
            </param>
            <param index="1">
              <value>
                <![CDATA["Finding New Cars"]]>
              </value>
            </param>
          </params>
          <reporter-output>
          </reporter-output>
        </test-method> <!-- runScenario -->
        <test-method signature="runScenario(io.cucumber.testng.PickleWrapper,io.cucumber.testng.FeatureWrapper)[pri:0, instance:runner.runnerPrg@6f53b8a]" started-at="2025-03-12T12:46:47 IST" name="runScenario" description="Runs Cucumber Scenarios" data-provider="scenarios" finished-at="2025-03-12T12:46:50 IST" duration-ms="2838" status="PASS">
          <params>
            <param index="0">
              <value>
                <![CDATA["Finding New Cars"]]>
              </value>
            </param>
            <param index="1">
              <value>
                <![CDATA["Finding New Cars"]]>
              </value>
            </param>
          </params>
          <reporter-output>
          </reporter-output>
        </test-method> <!-- runScenario -->
        <test-method is-config="true" signature="tearDownClass()[pri:0, instance:runner.runnerPrg@6f53b8a]" started-at="2025-03-12T12:46:50 IST" name="tearDownClass" finished-at="2025-03-12T12:46:50 IST" duration-ms="142" status="PASS">
          <reporter-output>
          </reporter-output>
        </test-method> <!-- tearDownClass -->
      </class> <!-- runner.runnerPrg -->
    </test> <!-- Test -->
  </suite> <!-- Suite -->
</testng-results>
